e:\0.somefiles\13.interactmultimediaclass\2.0\code\publiccontrol\lgqtnetwork\demo\release\moc_qttcpserverhandler.obj
e:\0.somefiles\13.interactmultimediaclass\2.0\code\publiccontrol\lgqtnetwork\demo\release\moc_qttcpclienthandler.obj
e:\0.somefiles\13.interactmultimediaclass\2.0\code\publiccontrol\lgqtnetwork\demo\release\qrc_demo.obj
e:\0.somefiles\13.interactmultimediaclass\2.0\code\publiccontrol\lgqtnetwork\demo\release\moc_qtudphandler.obj
e:\0.somefiles\13.interactmultimediaclass\2.0\code\publiccontrol\lgqtnetwork\demo\release\moc_demo.obj
e:\0.somefiles\13.interactmultimediaclass\2.0\code\publiccontrol\lgqtnetwork\demo\release\main.obj
e:\0.somefiles\13.interactmultimediaclass\2.0\code\publiccontrol\lgqtnetwork\demo\release\demo.obj
e:\0.somefiles\13.interactmultimediaclass\2.0\code\publiccontrol\lgqtnetwork\demo\release\uic\ui_demo.h
e:\0.somefiles\13.interactmultimediaclass\2.0\code\publiccontrol\lgqtnetwork\demo\release\rcc\qrc_demo.cpp
e:\0.somefiles\13.interactmultimediaclass\2.0\code\publiccontrol\lgqtnetwork\demo\release\moc\moc_demo.cpp
e:\0.somefiles\13.interactmultimediaclass\2.0\code\publiccontrol\lgqtnetwork\demo\release\moc\moc_qttcpserverhandler.cpp
e:\0.somefiles\13.interactmultimediaclass\2.0\code\publiccontrol\lgqtnetwork\demo\release\moc\moc_qttcpclienthandler.cpp
e:\0.somefiles\13.interactmultimediaclass\2.0\code\publiccontrol\lgqtnetwork\demo\release\moc\moc_qtudphandler.cpp
e:\0.somefiles\13.interactmultimediaclass\2.0\code\publiccontrol\lgqtnetwork\bin\demo.lib
e:\0.somefiles\13.interactmultimediaclass\2.0\code\publiccontrol\lgqtnetwork\bin\demo.exp
e:\0.somefiles\13.interactmultimediaclass\2.0\code\publiccontrol\lgqtnetwork\bin\demo.exe
e:\0.somefiles\13.interactmultimediaclass\2.0\code\publiccontrol\lgqtnetwork\bin\demo.pdb
e:\0.somefiles\13.interactmultimediaclass\2.0\code\publiccontrol\lgqtnetwork\bin\demo.ilk
e:\0.somefiles\13.interactmultimediaclass\2.0\code\publiccontrol\lgqtnetwork\demo\release\demo.tlog\cl.command.1.tlog
e:\0.somefiles\13.interactmultimediaclass\2.0\code\publiccontrol\lgqtnetwork\demo\release\demo.tlog\cl.read.1.tlog
e:\0.somefiles\13.interactmultimediaclass\2.0\code\publiccontrol\lgqtnetwork\demo\release\demo.tlog\cl.write.1.tlog
e:\0.somefiles\13.interactmultimediaclass\2.0\code\publiccontrol\lgqtnetwork\demo\release\demo.tlog\demo.write.1u.tlog
e:\0.somefiles\13.interactmultimediaclass\2.0\code\publiccontrol\lgqtnetwork\demo\release\demo.tlog\link.command.1.tlog
e:\0.somefiles\13.interactmultimediaclass\2.0\code\publiccontrol\lgqtnetwork\demo\release\demo.tlog\link.read.1.tlog
e:\0.somefiles\13.interactmultimediaclass\2.0\code\publiccontrol\lgqtnetwork\demo\release\demo.tlog\link.write.1.tlog
e:\0.somefiles\13.interactmultimediaclass\2.0\code\publiccontrol\lgqtnetwork\demo\release\demo.tlog\moc.read.1u.tlog
e:\0.somefiles\13.interactmultimediaclass\2.0\code\publiccontrol\lgqtnetwork\demo\release\demo.tlog\moc.write.1u.tlog
e:\0.somefiles\13.interactmultimediaclass\2.0\code\publiccontrol\lgqtnetwork\demo\release\demo.tlog\rcc.read.1u.tlog
e:\0.somefiles\13.interactmultimediaclass\2.0\code\publiccontrol\lgqtnetwork\demo\release\demo.tlog\rcc.write.1u.tlog
e:\0.somefiles\13.interactmultimediaclass\2.0\code\publiccontrol\lgqtnetwork\demo\release\demo.tlog\uic.read.1u.tlog
e:\0.somefiles\13.interactmultimediaclass\2.0\code\publiccontrol\lgqtnetwork\demo\release\demo.tlog\uic.write.1u.tlog
